<?xml version="1.0" encoding="UTF-8"?>
<testsuite name="ru.stqa.pft.addressbook.GroupCreationTests" tests="1" skipped="0" failures="0" errors="0" timestamp="2021-03-17T13:53:40" hostname="DESKTOP-U77SFMH" time="2.609">
  <properties/>
  <testcase name="testGroupCreation" classname="ru.stqa.pft.addressbook.GroupCreationTests" time="2.609"/>
  <system-out><![CDATA[]]></system-out>
  <system-err><![CDATA[1615989198725	geckodriver	INFO	Listening on 127.0.0.1:38023
1615989199474	mozrunner::runner	INFO	Running command: "C:\\Program Files\\Mozilla Firefox\\firefox.exe" "--marionette" "-foreground" "-no-remote" "-profile" "C:\\Users\\4227~1\\AppData\\Local\\Temp\\rust_mozprofilekUB6hp"
console.warn: SearchSettings: "get: No settings file exists, new profile?" (new Error("", "(unknown module)"))
1615989216228	Marionette	INFO	Listening on port 62245
1615989217075	Marionette	WARN	TLS certificate errors will be ignored for this session
1615989217202	Marionette	ERROR	[15] No reply from Marionette:Register
мар 17, 2021 4:53:37 PM org.openqa.selenium.remote.ProtocolHandshake createSession
INFO: Detected dialect: W3C
console.warn: SearchSettings: "get: No settings file exists, new profile?" (new Error("", "(unknown module)"))
1615989223512	Marionette	INFO	Stopped listening on port 62245
JavaScript error: resource://gre/modules/UrlClassifierListManager.jsm, line 691: TypeError: this.tablesData[table] is undefined

###!!! [Child][RunMessage] Error: Channel closing: too late to send/recv, messages will be lost

]]></system-err>
</testsuite>
