<?xml version="1.0" encoding="UTF-8"?>
<testsuite name="ru.stqa.pft.addressbook.tests.GroupModificationTest" tests="1" skipped="0" failures="0" errors="0" timestamp="2021-04-07T15:09:52" hostname="DESKTOP-U77SFMH" time="33.675">
  <properties/>
  <testcase name="GroupModification" classname="ru.stqa.pft.addressbook.tests.GroupModificationTest" time="33.675"/>
  <system-out><![CDATA[]]></system-out>
  <system-err><![CDATA[1617808183413	geckodriver	INFO	Listening on 127.0.0.1:20317
1617808184254	mozrunner::runner	INFO	Running command: "C:\\Program Files\\Mozilla Firefox\\firefox.exe" "--marionette" "-foreground" "-no-remote" "-profile" "C:\\Users\\4227~1\\AppData\\Local\\Temp\\rust_mozprofilejrTJ4K"
console.warn: SearchSettings: "get: No settings file exists, new profile?" (new Error("", "(unknown module)"))
1617808189504	Marionette	INFO	Listening on port 52472
1617808189944	Marionette	WARN	TLS certificate errors will be ignored for this session
апр 07, 2021 6:09:49 PM org.openqa.selenium.remote.ProtocolHandshake createSession
INFO: Detected dialect: W3C
1617808225696	Marionette	INFO	Stopped listening on port 52472

###!!! [Child][RunMessage] Error: Channel closing: too late to send/recv, messages will be lost

]]></system-err>
</testsuite>
