<?xml version="1.0" encoding="UTF-8"?>
<testsuite name="ru.stqa.pft.addressbook.tests.GroupModificationTest" tests="1" skipped="0" failures="0" errors="0" timestamp="2021-04-08T15:42:38" hostname="DESKTOP-U77SFMH" time="2.274">
  <properties/>
  <testcase name="GroupModification" classname="ru.stqa.pft.addressbook.tests.GroupModificationTest" time="2.274"/>
  <system-out><![CDATA[]]></system-out>
  <system-err><![CDATA[1617896550248	geckodriver	INFO	Listening on 127.0.0.1:38439
1617896550714	mozrunner::runner	INFO	Running command: "C:\\Program Files\\Mozilla Firefox\\firefox.exe" "--marionette" "-foreground" "-no-remote" "-profile" "C:\\Users\\4227~1\\AppData\\Local\\Temp\\rust_mozprofileJdxwzf"
console.warn: SearchSettings: "get: No settings file exists, new profile?" (new Error("", "(unknown module)"))
1617896556538	Marionette	INFO	Listening on port 52705
1617896556573	Marionette	WARN	TLS certificate errors will be ignored for this session
апр 08, 2021 6:42:36 PM org.openqa.selenium.remote.ProtocolHandshake createSession
INFO: Detected dialect: W3C
1617896560981	Marionette	INFO	Stopped listening on port 52705
JavaScript error: resource://activity-stream/lib/ASRouter.jsm, line 988: NS_ERROR_ILLEGAL_VALUE: Component returned failure code: 0x80070057 (NS_ERROR_ILLEGAL_VALUE) [nsIObserverService.removeObserver]

###!!! [Child][RunMessage] Error: Channel closing: too late to send/recv, messages will be lost

]]></system-err>
</testsuite>
