<?xml version="1.0" encoding="UTF-8"?>
<testsuite name="ru.stqa.pft.addressbook.tests.ContactCreationTest" tests="1" skipped="0" failures="0" errors="0" timestamp="2021-04-07T14:49:20" hostname="DESKTOP-U77SFMH" time="33.285">
  <properties/>
  <testcase name="testContactCreation" classname="ru.stqa.pft.addressbook.tests.ContactCreationTest" time="33.285"/>
  <system-out><![CDATA[]]></system-out>
  <system-err><![CDATA[1617806951967	geckodriver	INFO	Listening on 127.0.0.1:26510
1617806952736	mozrunner::runner	INFO	Running command: "C:\\Program Files\\Mozilla Firefox\\firefox.exe" "--marionette" "-foreground" "-no-remote" "-profile" "C:\\Users\\4227~1\\AppData\\Local\\Temp\\rust_mozprofileym8Lxy"
console.warn: SearchSettings: "get: No settings file exists, new profile?" (new Error("", "(unknown module)"))
1617806958071	Marionette	INFO	Listening on port 51614
1617806958780	Marionette	WARN	TLS certificate errors will be ignored for this session
апр 07, 2021 5:49:18 PM org.openqa.selenium.remote.ProtocolHandshake createSession
INFO: Detected dialect: W3C
1617806994161	Marionette	INFO	Stopped listening on port 51614

###!!! [Child][RunMessage] Error: Channel closing: too late to send/recv, messages will be lost

]]></system-err>
</testsuite>
