<?xml version="1.0" encoding="UTF-8"?>
<testsuite name="ru.stqa.pft.addressbook.tests.GroupDeletionTests" tests="1" skipped="0" failures="0" errors="0" timestamp="2021-04-08T15:54:22" hostname="DESKTOP-U77SFMH" time="1.081">
  <properties/>
  <testcase name="testGroupDeletion" classname="ru.stqa.pft.addressbook.tests.GroupDeletionTests" time="1.081"/>
  <system-out><![CDATA[]]></system-out>
  <system-err><![CDATA[1617897253390	geckodriver	INFO	Listening on 127.0.0.1:33905
1617897254160	mozrunner::runner	INFO	Running command: "C:\\Program Files\\Mozilla Firefox\\firefox.exe" "--marionette" "-foreground" "-no-remote" "-profile" "C:\\Users\\4227~1\\AppData\\Local\\Temp\\rust_mozprofileLYmEcJ"
console.warn: SearchSettings: "get: No settings file exists, new profile?" (new Error("", "(unknown module)"))
1617897259843	Marionette	INFO	Listening on port 53083
1617897260208	Marionette	WARN	TLS certificate errors will be ignored for this session
апр 08, 2021 6:54:20 PM org.openqa.selenium.remote.ProtocolHandshake createSession
INFO: Detected dialect: W3C
1617897263976	Marionette	INFO	Stopped listening on port 53083
JavaScript error: resource://activity-stream/lib/ASRouter.jsm, line 988: NS_ERROR_ILLEGAL_VALUE: Component returned failure code: 0x80070057 (NS_ERROR_ILLEGAL_VALUE) [nsIObserverService.removeObserver]
console.error: services.settings: 
  main/cfr-fxa Signature failed  TypeError: NetworkError when attempting to fetch resource.

###!!! [Child][RunMessage] Error: Channel closing: too late to send/recv, messages will be lost

]]></system-err>
</testsuite>
