<?xml version="1.0" encoding="UTF-8"?>
<testsuite name="ru.stqa.pft.addressbook.tests.GroupCreationTests" tests="1" skipped="0" failures="0" errors="0" timestamp="2021-04-08T15:42:12" hostname="DESKTOP-U77SFMH" time="2.109">
  <properties/>
  <testcase name="testGroupCreation" classname="ru.stqa.pft.addressbook.tests.GroupCreationTests" time="2.109"/>
  <system-out><![CDATA[]]></system-out>
  <system-err><![CDATA[1617896522886	geckodriver	INFO	Listening on 127.0.0.1:2404
1617896523666	mozrunner::runner	INFO	Running command: "C:\\Program Files\\Mozilla Firefox\\firefox.exe" "--marionette" "-foreground" "-no-remote" "-profile" "C:\\Users\\4227~1\\AppData\\Local\\Temp\\rust_mozprofileZAFOOS"
console.warn: SearchSettings: "get: No settings file exists, new profile?" (new Error("", "(unknown module)"))
1617896529035	Marionette	INFO	Listening on port 52585
1617896529497	Marionette	WARN	TLS certificate errors will be ignored for this session
апр 08, 2021 6:42:09 PM org.openqa.selenium.remote.ProtocolHandshake createSession
INFO: Detected dialect: W3C
1617896534458	Marionette	INFO	Stopped listening on port 52585
JavaScript error: resource://activity-stream/lib/ASRouter.jsm, line 988: NS_ERROR_ILLEGAL_VALUE: Component returned failure code: 0x80070057 (NS_ERROR_ILLEGAL_VALUE) [nsIObserverService.removeObserver]

###!!! [Child][RunMessage] Error: Channel closing: too late to send/recv, messages will be lost

]]></system-err>
</testsuite>
