<?xml version="1.0" encoding="UTF-8"?>
<testsuite name="ru.stqa.pft.addressbook.tests.GroupModificationTest" tests="1" skipped="0" failures="0" errors="0" timestamp="2021-04-08T15:54:33" hostname="DESKTOP-U77SFMH" time="2.346">
  <properties/>
  <testcase name="GroupModification" classname="ru.stqa.pft.addressbook.tests.GroupModificationTest" time="2.346"/>
  <system-out><![CDATA[]]></system-out>
  <system-err><![CDATA[1617897266350	geckodriver	INFO	Listening on 127.0.0.1:5251
1617897266875	mozrunner::runner	INFO	Running command: "C:\\Program Files\\Mozilla Firefox\\firefox.exe" "--marionette" "-foreground" "-no-remote" "-profile" "C:\\Users\\4227~1\\AppData\\Local\\Temp\\rust_mozprofilecdVMDf"
console.warn: SearchSettings: "get: No settings file exists, new profile?" (new Error("", "(unknown module)"))
1617897271413	Marionette	INFO	Listening on port 53135
1617897271970	Marionette	WARN	TLS certificate errors will be ignored for this session
апр 08, 2021 6:54:31 PM org.openqa.selenium.remote.ProtocolHandshake createSession
INFO: Detected dialect: W3C
1617897276330	Marionette	INFO	Stopped listening on port 53135
JavaScript error: resource://activity-stream/lib/ASRouter.jsm, line 988: NS_ERROR_ILLEGAL_VALUE: Component returned failure code: 0x80070057 (NS_ERROR_ILLEGAL_VALUE) [nsIObserverService.removeObserver]
[Parent 16172, IPC I/O Parent] WARNING: file /builds/worker/checkouts/gecko/ipc/chromium/src/base/process_util_win.cc:167

###!!! [Child][RunMessage] Error: Channel closing: too late to send/recv, messages will be lost

]]></system-err>
</testsuite>
